<?xml version="1.0" encoding="UTF-8"?>
<testsuite name="DeckTest" tests="1" skipped="0" failures="0" errors="0" timestamp="2021-11-20T21:34:18" hostname="stefany-Inspiron-5579" time="0.024">
  <properties/>
  <testcase name="test()" classname="DeckTest" time="0.024"/>
  <system-out><![CDATA[]]></system-out>
  <system-err><![CDATA[]]></system-err>
</testsuite>
