<?xml version="1.0" encoding="UTF-8"?>
<testsuite name="DeckTest" tests="2" skipped="0" failures="0" errors="0" timestamp="2021-11-21T16:47:51" hostname="stefany-Inspiron-5579" time="0.006">
  <properties/>
  <testcase name="deck_should_be_shuffled()" classname="DeckTest" time="0.003"/>
  <testcase name="deck_size_should_be_40()" classname="DeckTest" time="0.002"/>
  <system-out><![CDATA[]]></system-out>
  <system-err><![CDATA[]]></system-err>
</testsuite>
